  Building GameAssembly.dll with MsvcWinRtToolChain
  	Msvc Install Version: 17.0
  	Msvc Install SDK Directory: C:\Program Files (x86)\Windows Kits\10
  	Msvc Linker Path: C:\Program Files\Microsoft Visual Studio\2022\Community\VC\Tools\MSVC\14.36.32532\bin\HostX64\x64\link.exe
  	Msvc Compiler Path: C:\Program Files\Microsoft Visual Studio\2022\Community\VC\Tools\MSVC\14.36.32532\bin\HostX64\x64\cl.exe
  
  	Output directory: C:\Users\ankit\Downloads\UnityQRExample-main\UnityQRExample-main\Build1\build\bin\x64\Debug
  	Cache directory: C:\Users\ankit\Downloads\UnityQRExample-main\UnityQRExample-main\Build1\build\obj\il2cppOutputProject\x64\Debug
  pch-c.c
  pch-cpp.cpp
  Il2CppCCalculateTypeValues.cpp
  Il2CppInteropDataTable.cpp
  Il2CppMetadataUsage.c
  GenericMethods5.cpp
  Il2CppGenericMethodPointerTable.c
  Il2CppTypeDefinitions.c
  Il2CppCCalculateFieldValues1.cpp
  Generics45.cpp
  mscorlib_CodeGen.c
  Il2CppCCalculateFieldValues.cpp
  Generics24.cpp
  Il2CppGenericInstDefinitions.c
  Generics42.cpp
  Il2CppInvokerTable.cpp
  Generics47.cpp
  Generics43.cpp
  Il2CppPCCWMethods.cpp
  Generics49.cpp
  Generics52.cpp
  Generics48.cpp
  GenericMethods.cpp
  GenericMethods12.cpp
  Generics13.cpp
  Unity.TextMeshPro3.cpp
  Generics25.cpp
  GenericMethods2.cpp
  GenericMethods4.cpp
  Generics64.cpp
  Generics26.cpp
  Microsoft.MixedReality.Toolkit4.cpp
  Generics40.cpp
  Generics44.cpp
  Generics72.cpp
  Unity.InputSystem9.cpp
  Generics36.cpp
  Microsoft.MixedReality.Toolkit.cpp
  Il2CppCCalculateTypeValues1.cpp
  UnityEngine.UIElementsModule2.cpp
  Microsoft.MixedReality.OpenXR.cpp
  Unity.InputSystem8.cpp
  Il2CppCCWs122.cpp
  GenericMethods10.cpp
  Unity.XR.OpenXR.cpp
  Unity.InputSystem2.cpp
  Microsoft.MixedReality.Toolkit.Services.InputSystem.cpp
  GenericMethods13.cpp
  Generics1.cpp
  Generics73.cpp
  GenericMethods14.cpp
  Unity.InputSystem.cpp
  GenericMethods8.cpp
  Unity.InputSystem4.cpp
  Unity.InputSystem_CodeGen.c
  Il2CppGenericAdjustorThunkTable.c
  Microsoft.MixedReality.Toolkit3.cpp
  Generics11.cpp
  GenericMethods9.cpp
  Generics68.cpp
  mscorlib17.cpp
  Generics10.cpp
  Unity.InputSystem6.cpp
  Generics39.cpp
  Generics14.cpp
  System.cpp
  Il2CppGenericClassTable.c
  Il2CppCCWs143.cpp
  Unity.InputSystem7.cpp
  Microsoft.MixedReality.Toolkit.SDK7.cpp
  Generics46.cpp
  Generics.cpp
  UnityEngine.UIElementsModule.cpp
  Generics74.cpp
  Generics50.cpp
  GenericMethods1.cpp
  Unity.InputSystem5.cpp
  UnityEngine.CoreModule.cpp
  Generics28.cpp
  UnityEngine.UIElementsModule3.cpp
  Microsoft.MixedReality.Toolkit.SDK1.cpp
  Generics79.cpp
  mscorlib16.cpp
  Microsoft.MixedReality.Toolkit.SDK5.cpp
  Generics35.cpp
  Generics12.cpp
  Generics27.cpp
  Generics78.cpp
  Generics34.cpp
  UnityEngine.UIElementsModule4.cpp
  UnityEngine.UIElementsModule5.cpp
  GenericMethods11.cpp
  UnityEngine.UIElementsModule7.cpp
  GenericMethods15.cpp
  Unity.TextMeshPro4.cpp
  Il2CppCCWs123.cpp
  Microsoft.MixedReality.Toolkit.SDK6.cpp
  mscorlib9.cpp
  Il2CppGenericMethodTable.c
  Generics71.cpp
  UnityEngine.CoreModule1.cpp
  Generics65.cpp
  Microsoft.MixedReality.Toolkit.SDK4.cpp
  Generics77.cpp
  mscorlib2.cpp
  Microsoft.MixedReality.Toolkit.SDK2.cpp
  Generics51.cpp
  mscorlib21.cpp
  Generics76.cpp
  UnityEngine.UIElementsModule_CodeGen.c
  Microsoft.MixedReality.Toolkit1.cpp
  Microsoft.MixedReality.Toolkit.SDK3.cpp
  Generics2.cpp
  Generics3.cpp
  Unity.InputSystem10.cpp
  Generics7.cpp
  Generics15.cpp
  Generics9.cpp
  Unity.TextMeshPro5.cpp
  Generics6.cpp
  Il2CppCCWs108.cpp
  UnityEngine.UI.cpp
  mscorlib15.cpp
  Unity.InputSystem1.cpp
C:\Program Files\Microsoft Visual Studio\2022\Community\MSBuild\Microsoft\VC\v170\Microsoft.MakeFile.Targets(45,5): warning MSB5021: Terminating the task executable "cmd" and its child processes because the build was canceled.
